app/build/intermediates/manifest_merge_blame_file/debug/manifest-merger-blame-debug-report.txt
1<?xml version="1.0" encoding="utf-8"?>
2<manifest xmlns:android="http://schemas.android.com/apk/res/android"
3    package="com.example.digitalclock2022k"
4    android:versionCode="1"
5    android:versionName="1.0" >
6
7    <uses-sdk
8        android:minSdkVersion="16"
8-->src\main\AndroidManifest.xml
9        android:targetSdkVersion="32" />
9-->src\main\AndroidManifest.xml
10
11    <uses-permission android:name="android.permission.INTERNET" />
11-->src\main\AndroidManifest.xml:5:5-67
11-->src\main\AndroidManifest.xml:5:22-64
12
13    <application
13-->src\main\AndroidManifest.xml:7:5-46:19
14        android:allowBackup="true"
14-->src\main\AndroidManifest.xml:8:9-35
15        android:appComponentFactory="androidx.core.app.CoreComponentFactory"
15-->[androidx.core:core:1.7.0] AndroidManifest.xml:24:18-86
16        android:debuggable="true"
17        android:icon="@mipmap/ic_launcher"
17-->src\main\AndroidManifest.xml:9:9-43
18        android:label="@string/app_name"
18-->src\main\AndroidManifest.xml:10:9-41
19        android:roundIcon="@mipmap/ic_launcher_round"
19-->src\main\AndroidManifest.xml:11:9-54
20        android:supportsRtl="true"
20-->src\main\AndroidManifest.xml:12:9-35
21        android:theme="@style/Theme.AppCompat.Light.NoActionBar.FullScreen"
21-->src\main\AndroidManifest.xml:13:9-76
22        android:usesCleartextTraffic="true" >
22-->src\main\AndroidManifest.xml:14:9-44
23        <service
23-->src\main\AndroidManifest.xml:15:9-18:47
24            android:name="com.example.digitalclock2022k.WgService"
24-->src\main\AndroidManifest.xml:16:13-38
25            android:enabled="true"
25-->src\main\AndroidManifest.xml:17:13-35
26            android:exported="true" />
26-->src\main\AndroidManifest.xml:18:13-36
27
28        <receiver
28-->src\main\AndroidManifest.xml:20:9-30:20
29            android:name="com.example.digitalclock2022k.dcWidget"
29-->src\main\AndroidManifest.xml:21:13-37
30            android:exported="true" >
30-->src\main\AndroidManifest.xml:22:13-36
31            <intent-filter>
31-->src\main\AndroidManifest.xml:23:13-25:29
32                <action android:name="android.appwidget.action.APPWIDGET_UPDATE" />
32-->src\main\AndroidManifest.xml:24:17-84
32-->src\main\AndroidManifest.xml:24:25-81
33            </intent-filter>
34
35            <meta-data
35-->src\main\AndroidManifest.xml:27:13-29:58
36                android:name="android.appwidget.provider"
36-->src\main\AndroidManifest.xml:28:17-58
37                android:resource="@xml/dc_widget_info" />
37-->src\main\AndroidManifest.xml:29:17-55
38        </receiver>
39
40        <activity
40-->src\main\AndroidManifest.xml:32:9-34:40
41            android:name="com.example.digitalclock2022k.FromGis"
41-->src\main\AndroidManifest.xml:33:13-36
42            android:exported="false" />
42-->src\main\AndroidManifest.xml:34:13-37
43        <activity
43-->src\main\AndroidManifest.xml:35:9-43:20
44            android:name="com.example.digitalclock2022k.MainActivity"
44-->src\main\AndroidManifest.xml:36:13-41
45            android:exported="true" >
45-->src\main\AndroidManifest.xml:37:13-36
46            <intent-filter>
46-->src\main\AndroidManifest.xml:38:13-42:29
47                <action android:name="android.intent.action.MAIN" />
47-->src\main\AndroidManifest.xml:39:17-69
47-->src\main\AndroidManifest.xml:39:25-66
48
49                <category android:name="android.intent.category.LAUNCHER" />
49-->src\main\AndroidManifest.xml:41:17-77
49-->src\main\AndroidManifest.xml:41:27-74
50            </intent-filter>
51        </activity>
52        />
53        <provider
53-->[androidx.emoji2:emoji2:1.0.0] AndroidManifest.xml:26:9-34:20
54            android:name="androidx.startup.InitializationProvider"
54-->[androidx.emoji2:emoji2:1.0.0] AndroidManifest.xml:27:13-67
55            android:authorities="com.example.digitalclock2022k.androidx-startup"
55-->[androidx.emoji2:emoji2:1.0.0] AndroidManifest.xml:28:13-68
56            android:exported="false" >
56-->[androidx.emoji2:emoji2:1.0.0] AndroidManifest.xml:29:13-37
57            <meta-data
57-->[androidx.emoji2:emoji2:1.0.0] AndroidManifest.xml:31:13-33:52
58                android:name="androidx.emoji2.text.EmojiCompatInitializer"
58-->[androidx.emoji2:emoji2:1.0.0] AndroidManifest.xml:32:17-75
59                android:value="androidx.startup" />
59-->[androidx.emoji2:emoji2:1.0.0] AndroidManifest.xml:33:17-49
60            <meta-data
60-->[androidx.lifecycle:lifecycle-process:2.4.0] AndroidManifest.xml:31:13-33:52
61                android:name="androidx.lifecycle.ProcessLifecycleInitializer"
61-->[androidx.lifecycle:lifecycle-process:2.4.0] AndroidManifest.xml:32:17-78
62                android:value="androidx.startup" />
62-->[androidx.lifecycle:lifecycle-process:2.4.0] AndroidManifest.xml:33:17-49
63        </provider>
64    </application>
65
66</manifest>